<?xml version="1.0" encoding="UTF-8" standalone="no"?>
<testsuite failures="1" name="cucumber.runtime.formatter.JUnitFormatter" skipped="0" tests="1" time="22.113547">
<testcase classname="To Validate the Facebook Registration" name="To Validate the Functionality of Facebook Registration" time="22.113547">
<failure message="org.openqa.selenium.NoSuchElementException: Cannot locate option with value: Apr&#10;For documentation on this error, please visit: https://www.seleniumhq.org/exceptions/no_such_element.html&#10;Build info: version: '3.141.59', revision: 'e82be7d358', time: '2018-11-14T08:17:03'&#10;System info: host: 'DESKTOP-VCH8ME7', ip: '192.168.0.108', os.name: 'Windows 10', os.arch: 'amd64', os.version: '10.0', java.version: '1.8.0_281'&#10;Driver info: driver.version: unknown&#13;&#10;&#9;at org.openqa.selenium.support.ui.Select.findOptionsByValue(Select.java:283)&#13;&#10;&#9;at org.openqa.selenium.support.ui.Select.selectByValue(Select.java:186)&#13;&#10;&#9;at org.base.BaseClass.dropdownvalue(BaseClass.java:61)&#13;&#10;&#9;at org.step.StepDifintion.user_has_to_Enter_Date_of_Birth(StepDifintion.java:39)&#13;&#10;&#9;at ✽.user has to Enter Date of Birth(file:src/test/resources/feature/facebookregistration.feature:7)&#13;&#10;"><![CDATA[When User has to Click Creat New Account....................................passed
When user has to Enter Firstname and Lastname...............................passed
When user has to Enter Email address........................................passed
And user has to Enter Date of Birth.........................................failed
When user has to click Gender...............................................skipped

StackTrace:
org.openqa.selenium.NoSuchElementException: Cannot locate option with value: Apr
For documentation on this error, please visit: https://www.seleniumhq.org/exceptions/no_such_element.html
Build info: version: '3.141.59', revision: 'e82be7d358', time: '2018-11-14T08:17:03'
System info: host: 'DESKTOP-VCH8ME7', ip: '192.168.0.108', os.name: 'Windows 10', os.arch: 'amd64', os.version: '10.0', java.version: '1.8.0_281'
Driver info: driver.version: unknown
	at org.openqa.selenium.support.ui.Select.findOptionsByValue(Select.java:283)
	at org.openqa.selenium.support.ui.Select.selectByValue(Select.java:186)
	at org.base.BaseClass.dropdownvalue(BaseClass.java:61)
	at org.step.StepDifintion.user_has_to_Enter_Date_of_Birth(StepDifintion.java:39)
	at ✽.user has to Enter Date of Birth(file:src/test/resources/feature/facebookregistration.feature:7)
]]></failure>
</testcase>
</testsuite>
